[ 2015-11-06T10:06:11+08:00 ] ::1 /cloud/home
INFO: [ app_init ] --START--
INFO: Run Behavior\BuildLiteBehavior [ RunTime:0.000056s ]
INFO: [ app_init ] --END-- [ RunTime:0.004319s ]
INFO: [ app_begin ] --START--
INFO: Run Behavior\ReadHtmlCacheBehavior [ RunTime:0.029585s ]
INFO: [ app_begin ] --END-- [ RunTime:0.029882s ]
INFO: [ view_parse ] --START--
INFO: [ template_filter ] --START--
INFO: Run Behavior\ContentReplaceBehavior [ RunTime:0.000460s ]
INFO: [ template_filter ] --END-- [ RunTime:0.000759s ]
INFO: Run Behavior\ParseTemplateBehavior [ RunTime:0.293260s ]
INFO: [ view_parse ] --END-- [ RunTime:0.293511s ]
INFO: [ view_filter ] --START--
INFO: Run Behavior\WriteHtmlCacheBehavior [ RunTime:0.033808s ]
INFO: [ view_filter ] --END-- [ RunTime:0.034023s ]
INFO: [ app_end ] --START--
INFO: Run Behavior\ShowPageTraceBehavior [ RunTime:0.023305s ]
INFO: [ app_end ] --END-- [ RunTime:0.023590s ]

[ 2015-11-06T10:06:11+08:00 ] ::1 /cloud/index.php/Home/Welcome/welcome.html
INFO: [ app_init ] --START--
INFO: Run Behavior\BuildLiteBehavior [ RunTime:0.000069s ]
INFO: [ app_init ] --END-- [ RunTime:0.002346s ]
INFO: [ app_begin ] --START--
INFO: Run Behavior\ReadHtmlCacheBehavior [ RunTime:0.003245s ]
INFO: [ app_begin ] --END-- [ RunTime:0.003640s ]
INFO: [ view_parse ] --START--
INFO: [ template_filter ] --START--
INFO: Run Behavior\ContentReplaceBehavior [ RunTime:0.000375s ]
INFO: [ template_filter ] --END-- [ RunTime:0.000723s ]
INFO: Run Behavior\ParseTemplateBehavior [ RunTime:0.094471s ]
INFO: [ view_parse ] --END-- [ RunTime:0.094781s ]
INFO: [ view_filter ] --START--
INFO: Run Behavior\WriteHtmlCacheBehavior [ RunTime:0.002083s ]
INFO: [ view_filter ] --END-- [ RunTime:0.002362s ]
INFO: [ app_end ] --START--
INFO: Run Behavior\ShowPageTraceBehavior [ RunTime:0.002917s ]
INFO: [ app_end ] --END-- [ RunTime:0.003215s ]

[ 2015-11-06T10:12:56+08:00 ] ::1 /cloud/index.php/Home/department/department_list.html
INFO: [ app_init ] --START--
INFO: Run Behavior\BuildLiteBehavior [ RunTime:0.000018s ]
INFO: [ app_init ] --END-- [ RunTime:0.000542s ]
INFO: [ app_begin ] --START--
INFO: Run Behavior\ReadHtmlCacheBehavior [ RunTime:0.000718s ]
INFO: [ app_begin ] --END-- [ RunTime:0.000793s ]
INFO: [ view_parse ] --START--
INFO: [ template_filter ] --START--
INFO: Run Behavior\ContentReplaceBehavior [ RunTime:0.000164s ]
INFO: [ template_filter ] --END-- [ RunTime:0.000361s ]
INFO: Run Behavior\ParseTemplateBehavior [ RunTime:0.037625s ]
INFO: [ view_parse ] --END-- [ RunTime:0.037781s ]
INFO: [ view_filter ] --START--
INFO: Run Behavior\WriteHtmlCacheBehavior [ RunTime:0.000599s ]
INFO: [ view_filter ] --END-- [ RunTime:0.000663s ]
INFO: [ app_end ] --START--
INFO: Run Behavior\ShowPageTraceBehavior [ RunTime:0.001475s ]
INFO: [ app_end ] --END-- [ RunTime:0.001589s ]

[ 2015-11-06T10:12:57+08:00 ] ::1 /cloud/index.php/Home/company/companyList
INFO: [ app_init ] --START--
INFO: Run Behavior\BuildLiteBehavior [ RunTime:0.000019s ]
INFO: [ app_init ] --END-- [ RunTime:0.000621s ]
INFO: [ app_begin ] --START--
INFO: Run Behavior\ReadHtmlCacheBehavior [ RunTime:0.000998s ]
INFO: [ app_begin ] --END-- [ RunTime:0.001093s ]
NOTIC: [8] Undefined index: uid E:\xampp\htdocs\cloud\Application\Home\Controller\CompanyController.class.php 第 20 行.
SQL: SHOW COLUMNS FROM `company` [ RunTime:0.0793s ]
SQL: SELECT * FROM `company` WHERE `user_id` = 1  [ RunTime:0.0004s ]

[ 2015-11-06T10:12:57+08:00 ] ::1 /cloud/index.php/Home/department/departmentList
INFO: [ app_init ] --START--
INFO: Run Behavior\BuildLiteBehavior [ RunTime:0.000018s ]
INFO: [ app_init ] --END-- [ RunTime:0.000612s ]
INFO: [ app_begin ] --START--
INFO: Run Behavior\ReadHtmlCacheBehavior [ RunTime:0.000804s ]
INFO: [ app_begin ] --END-- [ RunTime:0.000874s ]
NOTIC: [8] Undefined index: uid E:\xampp\htdocs\cloud\Application\Home\Controller\DepartmentController.class.php 第 20 行.

[ 2015-11-06T10:19:08+08:00 ] ::1 /cloud/index.php/Home/Cookmenu/menuStyle_list.html
INFO: [ app_init ] --START--
INFO: Run Behavior\BuildLiteBehavior [ RunTime:0.000045s ]
INFO: [ app_init ] --END-- [ RunTime:0.002090s ]
INFO: [ app_begin ] --START--
INFO: Run Behavior\ReadHtmlCacheBehavior [ RunTime:0.002245s ]
INFO: [ app_begin ] --END-- [ RunTime:0.002476s ]
INFO: [ view_parse ] --START--
INFO: [ template_filter ] --START--
INFO: Run Behavior\ContentReplaceBehavior [ RunTime:0.000341s ]
INFO: [ template_filter ] --END-- [ RunTime:0.000679s ]
INFO: Run Behavior\ParseTemplateBehavior [ RunTime:0.079029s ]
INFO: [ view_parse ] --END-- [ RunTime:0.079328s ]
INFO: [ view_filter ] --START--
INFO: Run Behavior\WriteHtmlCacheBehavior [ RunTime:0.002031s ]
INFO: [ view_filter ] --END-- [ RunTime:0.002328s ]
INFO: [ app_end ] --START--
INFO: Run Behavior\ShowPageTraceBehavior [ RunTime:0.002112s ]
INFO: [ app_end ] --END-- [ RunTime:0.002301s ]

[ 2015-11-06T10:19:09+08:00 ] ::1 /cloud/index.php/Home/cookmenu/menuStyleList
INFO: [ app_init ] --START--
INFO: Run Behavior\BuildLiteBehavior [ RunTime:0.000020s ]
INFO: [ app_init ] --END-- [ RunTime:0.000729s ]
INFO: [ app_begin ] --START--
INFO: Run Behavior\ReadHtmlCacheBehavior [ RunTime:0.000646s ]
INFO: [ app_begin ] --END-- [ RunTime:0.000714s ]
NOTIC: [8] Undefined index: uid E:\xampp\htdocs\cloud\Application\Home\Controller\CookmenuController.class.php 第 21 行.
SQL: SHOW COLUMNS FROM `cookstyle` [ RunTime:0.1292s ]
SQL: select s.com_id,s.id as styleid,s.stylename from cookstyle s inner join company c on c.id = s.com_id inner join user u on u.id=c.user_id where u.id=1 [ RunTime:0.1438s ]
SQL: SHOW COLUMNS FROM `cookmenu` [ RunTime:0.1165s ]
SQL: select styleid,count(styleid) count from cookmenu where  is_delete = 0 and styleid=2 [ RunTime:0.0016s ]
SQL: select styleid,count(styleid) count from cookmenu where  is_delete = 0 and styleid=3 [ RunTime:0.0009s ]
SQL: select styleid,count(styleid) count from cookmenu where  is_delete = 0 and styleid=4 [ RunTime:0.0010s ]
SQL: select styleid,count(styleid) count from cookmenu where  is_delete = 0 and styleid=12 [ RunTime:0.0010s ]

[ 2015-11-06T10:19:09+08:00 ] ::1 /cloud/index.php/Home/cookmenu/menuList
INFO: [ app_init ] --START--
INFO: Run Behavior\BuildLiteBehavior [ RunTime:0.000052s ]
INFO: [ app_init ] --END-- [ RunTime:0.001745s ]
INFO: [ app_begin ] --START--
INFO: Run Behavior\ReadHtmlCacheBehavior [ RunTime:0.003601s ]
INFO: [ app_begin ] --END-- [ RunTime:0.003900s ]
NOTIC: [8] Undefined index: uid E:\xampp\htdocs\cloud\Application\Home\Controller\CookmenuController.class.php 第 98 行.
SQL: SHOW COLUMNS FROM `cookmenu` [ RunTime:0.0100s ]
SQL:  select t.id, t.com_id,s.stylename ,t.cookname,t.price,t.standard,t.recommend,t.picture,t.styleid FROM cookmenu t 
            INNER JOIN cookstyle s ON t.styleid = s.id 
            INNER JOIN company c ON c.id = t.com_id
            INNER JOIN user u ON u.id = c.user_id
            WHERE t.is_delete = 0 and u.id = 1 [ RunTime:0.0027s ]

[ 2015-11-06T10:19:09+08:00 ] ::1 /cloud/index.php/Home/company/companyList
INFO: [ app_init ] --START--
INFO: Run Behavior\BuildLiteBehavior [ RunTime:0.000050s ]
INFO: [ app_init ] --END-- [ RunTime:0.001593s ]
INFO: [ app_begin ] --START--
INFO: Run Behavior\ReadHtmlCacheBehavior [ RunTime:0.002281s ]
INFO: [ app_begin ] --END-- [ RunTime:0.002518s ]
NOTIC: [8] Undefined index: uid E:\xampp\htdocs\cloud\Application\Home\Controller\CompanyController.class.php 第 20 行.
SQL: SHOW COLUMNS FROM `company` [ RunTime:0.0088s ]
SQL: SELECT * FROM `company` WHERE `user_id` = 1  [ RunTime:0.0012s ]

[ 2015-11-06T10:19:09+08:00 ] ::1 /cloud/index.php/Home/cookmenu/menuStyleList
INFO: [ app_init ] --START--
INFO: Run Behavior\BuildLiteBehavior [ RunTime:0.000049s ]
INFO: [ app_init ] --END-- [ RunTime:0.001487s ]
INFO: [ app_begin ] --START--
INFO: Run Behavior\ReadHtmlCacheBehavior [ RunTime:0.002262s ]
INFO: [ app_begin ] --END-- [ RunTime:0.002499s ]
NOTIC: [8] Undefined index: uid E:\xampp\htdocs\cloud\Application\Home\Controller\CookmenuController.class.php 第 21 行.
SQL: SHOW COLUMNS FROM `cookstyle` [ RunTime:0.0090s ]
SQL: select s.com_id,s.id as styleid,s.stylename from cookstyle s inner join company c on c.id = s.com_id inner join user u on u.id=c.user_id where u.id=1 [ RunTime:0.0012s ]
SQL: SHOW COLUMNS FROM `cookmenu` [ RunTime:0.0115s ]
SQL: select styleid,count(styleid) count from cookmenu where  is_delete = 0 and styleid=2 [ RunTime:0.0010s ]
SQL: select styleid,count(styleid) count from cookmenu where  is_delete = 0 and styleid=3 [ RunTime:0.0009s ]
SQL: select styleid,count(styleid) count from cookmenu where  is_delete = 0 and styleid=4 [ RunTime:0.0008s ]
SQL: select styleid,count(styleid) count from cookmenu where  is_delete = 0 and styleid=12 [ RunTime:0.0008s ]

[ 2015-11-06T10:21:42+08:00 ] ::1 /cloud/index.php/Home/Cookmenu/menu_list.html
INFO: [ app_init ] --START--
INFO: Run Behavior\BuildLiteBehavior [ RunTime:0.000046s ]
INFO: [ app_init ] --END-- [ RunTime:0.001477s ]
INFO: [ app_begin ] --START--
INFO: Run Behavior\ReadHtmlCacheBehavior [ RunTime:0.007954s ]
INFO: [ app_begin ] --END-- [ RunTime:0.008568s ]
INFO: [ view_parse ] --START--
INFO: [ template_filter ] --START--
INFO: Run Behavior\ContentReplaceBehavior [ RunTime:0.000536s ]
INFO: [ template_filter ] --END-- [ RunTime:0.000868s ]
INFO: Run Behavior\ParseTemplateBehavior [ RunTime:0.070209s ]
INFO: [ view_parse ] --END-- [ RunTime:0.070600s ]
INFO: [ view_filter ] --START--
INFO: Run Behavior\WriteHtmlCacheBehavior [ RunTime:0.003357s ]
INFO: [ view_filter ] --END-- [ RunTime:0.003549s ]
INFO: [ app_end ] --START--
INFO: Run Behavior\ShowPageTraceBehavior [ RunTime:0.004076s ]
INFO: [ app_end ] --END-- [ RunTime:0.004401s ]

[ 2015-11-06T10:21:43+08:00 ] ::1 /cloud/index.php/Home/cookmenu/menuStyleList
INFO: [ app_init ] --START--
INFO: Run Behavior\BuildLiteBehavior [ RunTime:0.000067s ]
INFO: [ app_init ] --END-- [ RunTime:0.001746s ]
INFO: [ app_begin ] --START--
INFO: Run Behavior\ReadHtmlCacheBehavior [ RunTime:0.002546s ]
INFO: [ app_begin ] --END-- [ RunTime:0.002821s ]
NOTIC: [8] Undefined index: uid E:\xampp\htdocs\cloud\Application\Home\Controller\CookmenuController.class.php 第 21 行.
SQL: SHOW COLUMNS FROM `cookstyle` [ RunTime:0.0032s ]
SQL: select s.com_id,s.id as styleid,s.stylename from cookstyle s inner join company c on c.id = s.com_id inner join user u on u.id=c.user_id where u.id=1 [ RunTime:0.0007s ]
SQL: SHOW COLUMNS FROM `cookmenu` [ RunTime:0.0056s ]
SQL: select styleid,count(styleid) count from cookmenu where  is_delete = 0 and styleid=2 [ RunTime:0.0004s ]
SQL: select styleid,count(styleid) count from cookmenu where  is_delete = 0 and styleid=3 [ RunTime:0.0003s ]
SQL: select styleid,count(styleid) count from cookmenu where  is_delete = 0 and styleid=4 [ RunTime:0.0003s ]
SQL: select styleid,count(styleid) count from cookmenu where  is_delete = 0 and styleid=12 [ RunTime:0.0002s ]

[ 2015-11-06T10:21:43+08:00 ] ::1 /cloud/index.php/Home/cookmenu/menuList
INFO: [ app_init ] --START--
INFO: Run Behavior\BuildLiteBehavior [ RunTime:0.000020s ]
INFO: [ app_init ] --END-- [ RunTime:0.000574s ]
INFO: [ app_begin ] --START--
INFO: Run Behavior\ReadHtmlCacheBehavior [ RunTime:0.000753s ]
INFO: [ app_begin ] --END-- [ RunTime:0.000827s ]
NOTIC: [8] Undefined index: uid E:\xampp\htdocs\cloud\Application\Home\Controller\CookmenuController.class.php 第 98 行.
SQL: SHOW COLUMNS FROM `cookmenu` [ RunTime:0.0038s ]
SQL:  select t.id, t.com_id,s.stylename ,t.cookname,t.price,t.standard,t.recommend,t.picture,t.styleid FROM cookmenu t 
            INNER JOIN cookstyle s ON t.styleid = s.id 
            INNER JOIN company c ON c.id = t.com_id
            INNER JOIN user u ON u.id = c.user_id
            WHERE t.is_delete = 0 and u.id = 1 [ RunTime:0.0007s ]

[ 2015-11-06T10:21:43+08:00 ] ::1 /cloud/index.php/Home/company/companyList
INFO: [ app_init ] --START--
INFO: Run Behavior\BuildLiteBehavior [ RunTime:0.000018s ]
INFO: [ app_init ] --END-- [ RunTime:0.000536s ]
INFO: [ app_begin ] --START--
INFO: Run Behavior\ReadHtmlCacheBehavior [ RunTime:0.000662s ]
INFO: [ app_begin ] --END-- [ RunTime:0.000732s ]
NOTIC: [8] Undefined index: uid E:\xampp\htdocs\cloud\Application\Home\Controller\CompanyController.class.php 第 20 行.
SQL: SHOW COLUMNS FROM `company` [ RunTime:0.0030s ]
SQL: SELECT * FROM `company` WHERE `user_id` = 1  [ RunTime:0.0005s ]

[ 2015-11-06T10:21:43+08:00 ] ::1 /cloud/index.php/Home/cookmenu/menuStyleList
INFO: [ app_init ] --START--
INFO: Run Behavior\BuildLiteBehavior [ RunTime:0.000019s ]
INFO: [ app_init ] --END-- [ RunTime:0.000638s ]
INFO: [ app_begin ] --START--
INFO: Run Behavior\ReadHtmlCacheBehavior [ RunTime:0.000711s ]
INFO: [ app_begin ] --END-- [ RunTime:0.000780s ]
NOTIC: [8] Undefined index: uid E:\xampp\htdocs\cloud\Application\Home\Controller\CookmenuController.class.php 第 21 行.
SQL: SHOW COLUMNS FROM `cookstyle` [ RunTime:0.0029s ]
SQL: select s.com_id,s.id as styleid,s.stylename from cookstyle s inner join company c on c.id = s.com_id inner join user u on u.id=c.user_id where u.id=1 [ RunTime:0.0005s ]
SQL: SHOW COLUMNS FROM `cookmenu` [ RunTime:0.0034s ]
SQL: select styleid,count(styleid) count from cookmenu where  is_delete = 0 and styleid=2 [ RunTime:0.0004s ]
SQL: select styleid,count(styleid) count from cookmenu where  is_delete = 0 and styleid=3 [ RunTime:0.0003s ]
SQL: select styleid,count(styleid) count from cookmenu where  is_delete = 0 and styleid=4 [ RunTime:0.0003s ]
SQL: select styleid,count(styleid) count from cookmenu where  is_delete = 0 and styleid=12 [ RunTime:0.0004s ]

[ 2015-11-06T11:08:36+08:00 ] ::1 /cloud/index.php/Home/Cookmenu/menuStyle_add.html
INFO: [ app_init ] --START--
INFO: Run Behavior\BuildLiteBehavior [ RunTime:0.000054s ]
INFO: [ app_init ] --END-- [ RunTime:0.003110s ]
INFO: [ app_begin ] --START--
INFO: Run Behavior\ReadHtmlCacheBehavior [ RunTime:0.022504s ]
INFO: [ app_begin ] --END-- [ RunTime:0.022815s ]
INFO: [ view_parse ] --START--
INFO: [ template_filter ] --START--
INFO: Run Behavior\ContentReplaceBehavior [ RunTime:0.000398s ]
INFO: [ template_filter ] --END-- [ RunTime:0.000884s ]
INFO: Run Behavior\ParseTemplateBehavior [ RunTime:0.135223s ]
INFO: [ view_parse ] --END-- [ RunTime:0.135734s ]
INFO: [ view_filter ] --START--
INFO: Run Behavior\WriteHtmlCacheBehavior [ RunTime:0.001509s ]
INFO: [ view_filter ] --END-- [ RunTime:0.001778s ]
INFO: [ app_end ] --START--
INFO: Run Behavior\ShowPageTraceBehavior [ RunTime:0.003696s ]
INFO: [ app_end ] --END-- [ RunTime:0.003995s ]

[ 2015-11-06T11:08:36+08:00 ] ::1 /cloud/index.php/Home/cookmenu/menuStyleList
INFO: [ app_init ] --START--
INFO: Run Behavior\BuildLiteBehavior [ RunTime:0.000070s ]
INFO: [ app_init ] --END-- [ RunTime:0.003058s ]
INFO: [ app_begin ] --START--
INFO: Run Behavior\ReadHtmlCacheBehavior [ RunTime:0.002643s ]
INFO: [ app_begin ] --END-- [ RunTime:0.003001s ]
NOTIC: [8] Undefined index: uid E:\xampp\htdocs\cloud\Application\Home\Controller\CookmenuController.class.php 第 21 行.
SQL: SHOW COLUMNS FROM `cookstyle` [ RunTime:0.0077s ]
SQL: select s.com_id,s.id as styleid,s.stylename from cookstyle s inner join company c on c.id = s.com_id inner join user u on u.id=c.user_id where u.id=1 [ RunTime:0.0008s ]
SQL: SHOW COLUMNS FROM `cookmenu` [ RunTime:0.0036s ]
SQL: select styleid,count(styleid) count from cookmenu where  is_delete = 0 and styleid=2 [ RunTime:0.0005s ]
SQL: select styleid,count(styleid) count from cookmenu where  is_delete = 0 and styleid=3 [ RunTime:0.0003s ]
SQL: select styleid,count(styleid) count from cookmenu where  is_delete = 0 and styleid=4 [ RunTime:0.0003s ]
SQL: select styleid,count(styleid) count from cookmenu where  is_delete = 0 and styleid=12 [ RunTime:0.0003s ]

[ 2015-11-06T11:08:36+08:00 ] ::1 /cloud/index.php/Home/cookmenu/menuList
INFO: [ app_init ] --START--
INFO: Run Behavior\BuildLiteBehavior [ RunTime:0.000032s ]
INFO: [ app_init ] --END-- [ RunTime:0.000558s ]
INFO: [ app_begin ] --START--
INFO: Run Behavior\ReadHtmlCacheBehavior [ RunTime:0.001222s ]
INFO: [ app_begin ] --END-- [ RunTime:0.001313s ]
NOTIC: [8] Undefined index: uid E:\xampp\htdocs\cloud\Application\Home\Controller\CookmenuController.class.php 第 98 行.
SQL: SHOW COLUMNS FROM `cookmenu` [ RunTime:0.0035s ]
SQL:  select t.id, t.com_id,s.stylename ,t.cookname,t.price,t.standard,t.recommend,t.picture,t.styleid FROM cookmenu t 
            INNER JOIN cookstyle s ON t.styleid = s.id 
            INNER JOIN company c ON c.id = t.com_id
            INNER JOIN user u ON u.id = c.user_id
            WHERE t.is_delete = 0 and u.id = 1 [ RunTime:0.0007s ]

[ 2015-11-06T11:08:36+08:00 ] ::1 /cloud/index.php/Home/company/companyList
INFO: [ app_init ] --START--
INFO: Run Behavior\BuildLiteBehavior [ RunTime:0.000033s ]
INFO: [ app_init ] --END-- [ RunTime:0.000723s ]
INFO: [ app_begin ] --START--
INFO: Run Behavior\ReadHtmlCacheBehavior [ RunTime:0.000976s ]
INFO: [ app_begin ] --END-- [ RunTime:0.001096s ]
NOTIC: [8] Undefined index: uid E:\xampp\htdocs\cloud\Application\Home\Controller\CompanyController.class.php 第 20 行.
SQL: SHOW COLUMNS FROM `company` [ RunTime:0.0035s ]
SQL: SELECT * FROM `company` WHERE `user_id` = 1  [ RunTime:0.0004s ]

[ 2015-11-06T11:08:36+08:00 ] ::1 /cloud/index.php/Home/cookmenu/menuStyleList
INFO: [ app_init ] --START--
INFO: Run Behavior\BuildLiteBehavior [ RunTime:0.000019s ]
INFO: [ app_init ] --END-- [ RunTime:0.000828s ]
INFO: [ app_begin ] --START--
INFO: Run Behavior\ReadHtmlCacheBehavior [ RunTime:0.001172s ]
INFO: [ app_begin ] --END-- [ RunTime:0.001301s ]
NOTIC: [8] Undefined index: uid E:\xampp\htdocs\cloud\Application\Home\Controller\CookmenuController.class.php 第 21 行.
SQL: SHOW COLUMNS FROM `cookstyle` [ RunTime:0.0041s ]
SQL: select s.com_id,s.id as styleid,s.stylename from cookstyle s inner join company c on c.id = s.com_id inner join user u on u.id=c.user_id where u.id=1 [ RunTime:0.0005s ]
SQL: SHOW COLUMNS FROM `cookmenu` [ RunTime:0.0042s ]
SQL: select styleid,count(styleid) count from cookmenu where  is_delete = 0 and styleid=2 [ RunTime:0.0004s ]
SQL: select styleid,count(styleid) count from cookmenu where  is_delete = 0 and styleid=3 [ RunTime:0.0002s ]
SQL: select styleid,count(styleid) count from cookmenu where  is_delete = 0 and styleid=4 [ RunTime:0.0003s ]
SQL: select styleid,count(styleid) count from cookmenu where  is_delete = 0 and styleid=12 [ RunTime:0.0003s ]

[ 2015-11-06T11:08:41+08:00 ] ::1 /cloud/index.php/Home/Cookmenu/menu_add.html
INFO: [ app_init ] --START--
INFO: Run Behavior\BuildLiteBehavior [ RunTime:0.000047s ]
INFO: [ app_init ] --END-- [ RunTime:0.001362s ]
INFO: [ app_begin ] --START--
INFO: Run Behavior\ReadHtmlCacheBehavior [ RunTime:0.002479s ]
INFO: [ app_begin ] --END-- [ RunTime:0.002753s ]
INFO: [ view_parse ] --START--
INFO: [ template_filter ] --START--
INFO: Run Behavior\ContentReplaceBehavior [ RunTime:0.000360s ]
INFO: [ template_filter ] --END-- [ RunTime:0.000716s ]
INFO: Run Behavior\ParseTemplateBehavior [ RunTime:0.116263s ]
INFO: [ view_parse ] --END-- [ RunTime:0.116761s ]
INFO: [ view_filter ] --START--
INFO: Run Behavior\WriteHtmlCacheBehavior [ RunTime:0.004686s ]
INFO: [ view_filter ] --END-- [ RunTime:0.005053s ]
INFO: [ app_end ] --START--
INFO: Run Behavior\ShowPageTraceBehavior [ RunTime:0.003263s ]
INFO: [ app_end ] --END-- [ RunTime:0.003567s ]

[ 2015-11-06T11:08:41+08:00 ] ::1 /cloud/index.php/Home/Cookmenu/menu_add.html
INFO: [ app_init ] --START--
INFO: Run Behavior\BuildLiteBehavior [ RunTime:0.000060s ]
INFO: [ app_init ] --END-- [ RunTime:0.002917s ]
INFO: [ app_begin ] --START--
INFO: Run Behavior\ReadHtmlCacheBehavior [ RunTime:0.003402s ]
INFO: [ app_begin ] --END-- [ RunTime:0.004037s ]
INFO: [ view_parse ] --START--
INFO: [ template_filter ] --START--
INFO: Run Behavior\ContentReplaceBehavior [ RunTime:0.000364s ]
INFO: [ template_filter ] --END-- [ RunTime:0.000733s ]
INFO: Run Behavior\ParseTemplateBehavior [ RunTime:0.068605s ]
INFO: [ view_parse ] --END-- [ RunTime:0.069049s ]
INFO: [ view_filter ] --START--
INFO: Run Behavior\WriteHtmlCacheBehavior [ RunTime:0.005976s ]
INFO: [ view_filter ] --END-- [ RunTime:0.006278s ]
INFO: [ app_end ] --START--
INFO: Run Behavior\ShowPageTraceBehavior [ RunTime:0.003976s ]
INFO: [ app_end ] --END-- [ RunTime:0.004519s ]

[ 2015-11-06T11:08:42+08:00 ] ::1 /cloud/index.php/Home/cookmenu/menuStyleList
INFO: [ app_init ] --START--
INFO: Run Behavior\BuildLiteBehavior [ RunTime:0.000026s ]
INFO: [ app_init ] --END-- [ RunTime:0.000925s ]
INFO: [ app_begin ] --START--
INFO: Run Behavior\ReadHtmlCacheBehavior [ RunTime:0.001177s ]
INFO: [ app_begin ] --END-- [ RunTime:0.001310s ]
NOTIC: [8] Undefined index: uid E:\xampp\htdocs\cloud\Application\Home\Controller\CookmenuController.class.php 第 21 行.
SQL: SHOW COLUMNS FROM `cookstyle` [ RunTime:0.0034s ]
SQL: select s.com_id,s.id as styleid,s.stylename from cookstyle s inner join company c on c.id = s.com_id inner join user u on u.id=c.user_id where u.id=1 [ RunTime:0.0004s ]
SQL: SHOW COLUMNS FROM `cookmenu` [ RunTime:0.0031s ]
SQL: select styleid,count(styleid) count from cookmenu where  is_delete = 0 and styleid=2 [ RunTime:0.0003s ]
SQL: select styleid,count(styleid) count from cookmenu where  is_delete = 0 and styleid=3 [ RunTime:0.0003s ]
SQL: select styleid,count(styleid) count from cookmenu where  is_delete = 0 and styleid=4 [ RunTime:0.0003s ]
SQL: select styleid,count(styleid) count from cookmenu where  is_delete = 0 and styleid=12 [ RunTime:0.0003s ]

[ 2015-11-06T11:08:42+08:00 ] ::1 /cloud/index.php/Home/cookmenu/menuList
INFO: [ app_init ] --START--
INFO: Run Behavior\BuildLiteBehavior [ RunTime:0.000020s ]
INFO: [ app_init ] --END-- [ RunTime:0.000710s ]
INFO: [ app_begin ] --START--
INFO: Run Behavior\ReadHtmlCacheBehavior [ RunTime:0.001004s ]
INFO: [ app_begin ] --END-- [ RunTime:0.001124s ]
NOTIC: [8] Undefined index: uid E:\xampp\htdocs\cloud\Application\Home\Controller\CookmenuController.class.php 第 98 行.
SQL: SHOW COLUMNS FROM `cookmenu` [ RunTime:0.0036s ]
SQL:  select t.id, t.com_id,s.stylename ,t.cookname,t.price,t.standard,t.recommend,t.picture,t.styleid FROM cookmenu t 
            INNER JOIN cookstyle s ON t.styleid = s.id 
            INNER JOIN company c ON c.id = t.com_id
            INNER JOIN user u ON u.id = c.user_id
            WHERE t.is_delete = 0 and u.id = 1 [ RunTime:0.0006s ]

[ 2015-11-06T11:08:42+08:00 ] ::1 /cloud/index.php/Home/company/companyList
INFO: [ app_init ] --START--
INFO: Run Behavior\BuildLiteBehavior [ RunTime:0.000026s ]
INFO: [ app_init ] --END-- [ RunTime:0.000679s ]
INFO: [ app_begin ] --START--
INFO: Run Behavior\ReadHtmlCacheBehavior [ RunTime:0.000853s ]
INFO: [ app_begin ] --END-- [ RunTime:0.000951s ]
NOTIC: [8] Undefined index: uid E:\xampp\htdocs\cloud\Application\Home\Controller\CompanyController.class.php 第 20 行.
SQL: SHOW COLUMNS FROM `company` [ RunTime:0.0048s ]
SQL: SELECT * FROM `company` WHERE `user_id` = 1  [ RunTime:0.0004s ]

[ 2015-11-06T11:08:42+08:00 ] ::1 /cloud/index.php/Home/cookmenu/menuStyleList
INFO: [ app_init ] --START--
INFO: Run Behavior\BuildLiteBehavior [ RunTime:0.000029s ]
INFO: [ app_init ] --END-- [ RunTime:0.000636s ]
INFO: [ app_begin ] --START--
INFO: Run Behavior\ReadHtmlCacheBehavior [ RunTime:0.000954s ]
INFO: [ app_begin ] --END-- [ RunTime:0.001064s ]
NOTIC: [8] Undefined index: uid E:\xampp\htdocs\cloud\Application\Home\Controller\CookmenuController.class.php 第 21 行.
SQL: SHOW COLUMNS FROM `cookstyle` [ RunTime:0.0028s ]
SQL: select s.com_id,s.id as styleid,s.stylename from cookstyle s inner join company c on c.id = s.com_id inner join user u on u.id=c.user_id where u.id=1 [ RunTime:0.0005s ]
SQL: SHOW COLUMNS FROM `cookmenu` [ RunTime:0.0032s ]
SQL: select styleid,count(styleid) count from cookmenu where  is_delete = 0 and styleid=2 [ RunTime:0.0003s ]
SQL: select styleid,count(styleid) count from cookmenu where  is_delete = 0 and styleid=3 [ RunTime:0.0002s ]
SQL: select styleid,count(styleid) count from cookmenu where  is_delete = 0 and styleid=4 [ RunTime:0.0002s ]
SQL: select styleid,count(styleid) count from cookmenu where  is_delete = 0 and styleid=12 [ RunTime:0.0002s ]

[ 2015-11-06T11:10:29+08:00 ] ::1 /cloud/index.php/Home/Cookmenu/menuAdd
INFO: [ app_init ] --START--
INFO: Run Behavior\BuildLiteBehavior [ RunTime:0.000054s ]
INFO: [ app_init ] --END-- [ RunTime:0.002182s ]
INFO: [ app_begin ] --START--
INFO: Run Behavior\ReadHtmlCacheBehavior [ RunTime:0.006551s ]
INFO: [ app_begin ] --END-- [ RunTime:0.007486s ]
SQL: SHOW COLUMNS FROM `cookmenu` [ RunTime:0.0106s ]
SQL: SELECT * FROM `cookmenu` WHERE `cookname` = '正宗四川毛血旺' LIMIT 1   [ RunTime:0.0014s ]
NOTIC: [8] Use of undefined constant uniqid - assumed 'uniqid' E:\xampp\htdocs\cloud\Application\Home\Controller\CookmenuController.class.php 第 222 行.
SQL: INSERT INTO `cookmenu` (`com_id`,`styleid`,`cookname`,`price`,`standard`,`recommend`,`introduce`,`edit_time`,`picture`) VALUES ('1','3','正宗四川毛血旺','80','盘','普通','毛血旺，起源于重庆，流行于重庆和四川地区，是一道著名的汉族菜式，属于渝菜。曾列入川菜菜谱之一，以鸭血为制作主料，毛血旺的烹饪技巧以煮菜为主，口味属于麻辣味。毛血旺是重庆市的特色菜，这道菜是将生血旺现烫现吃，且毛肚杂碎为主料，遂取名毛血旺。这道菜是渝菜江湖菜的鼻祖之一。现在，毛血旺的名气已引领渝菜大军，席卷了大江南北。麻辣诱惑对传统的毛血旺进行了改良和创新，将其汤汁红亮、麻辣鲜香、味浓味厚的特点不断发扬光大，值得一尝为快的巴渝名菜。','1446779428','/cloud/Data/Uploads/Images/563c1a247b44e.png') [ RunTime:0.0776s ]
INFO: [ app_end ] --START--
INFO: Run Behavior\ShowPageTraceBehavior [ RunTime:0.002818s ]
INFO: [ app_end ] --END-- [ RunTime:0.003151s ]

[ 2015-11-06T11:10:31+08:00 ] ::1 /cloud/index.php/Home/cookmenu/menuList
INFO: [ app_init ] --START--
INFO: Run Behavior\BuildLiteBehavior [ RunTime:0.000054s ]
INFO: [ app_init ] --END-- [ RunTime:0.003247s ]
INFO: [ app_begin ] --START--
INFO: Run Behavior\ReadHtmlCacheBehavior [ RunTime:0.006675s ]
INFO: [ app_begin ] --END-- [ RunTime:0.006928s ]
NOTIC: [8] Undefined index: uid E:\xampp\htdocs\cloud\Application\Home\Controller\CookmenuController.class.php 第 98 行.
SQL: SHOW COLUMNS FROM `cookmenu` [ RunTime:0.0498s ]
SQL:  select t.id, t.com_id,s.stylename ,t.cookname,t.price,t.standard,t.recommend,t.picture,t.styleid FROM cookmenu t 
            INNER JOIN cookstyle s ON t.styleid = s.id 
            INNER JOIN company c ON c.id = t.com_id
            INNER JOIN user u ON u.id = c.user_id
            WHERE t.is_delete = 0 and u.id = 1 [ RunTime:0.0024s ]

[ 2015-11-06T11:10:45+08:00 ] ::1 /cloud/home
INFO: [ app_init ] --START--
INFO: Run Behavior\BuildLiteBehavior [ RunTime:0.000073s ]
INFO: [ app_init ] --END-- [ RunTime:0.004710s ]
INFO: [ app_begin ] --START--
INFO: Run Behavior\ReadHtmlCacheBehavior [ RunTime:0.006859s ]
INFO: [ app_begin ] --END-- [ RunTime:0.007349s ]
INFO: [ view_parse ] --START--
INFO: [ template_filter ] --START--
INFO: Run Behavior\ContentReplaceBehavior [ RunTime:0.000448s ]
INFO: [ template_filter ] --END-- [ RunTime:0.000780s ]
INFO: Run Behavior\ParseTemplateBehavior [ RunTime:0.044963s ]
INFO: [ view_parse ] --END-- [ RunTime:0.045297s ]
INFO: [ view_filter ] --START--
INFO: Run Behavior\WriteHtmlCacheBehavior [ RunTime:0.001590s ]
INFO: [ view_filter ] --END-- [ RunTime:0.001970s ]
INFO: [ app_end ] --START--
INFO: Run Behavior\ShowPageTraceBehavior [ RunTime:0.006696s ]
INFO: [ app_end ] --END-- [ RunTime:0.007090s ]

[ 2015-11-06T11:10:45+08:00 ] ::1 /cloud/index.php/Home/Welcome/welcome.html
INFO: [ app_init ] --START--
INFO: Run Behavior\BuildLiteBehavior [ RunTime:0.000050s ]
INFO: [ app_init ] --END-- [ RunTime:0.001756s ]
INFO: [ app_begin ] --START--
INFO: Run Behavior\ReadHtmlCacheBehavior [ RunTime:0.004263s ]
INFO: [ app_begin ] --END-- [ RunTime:0.004691s ]
INFO: [ view_parse ] --START--
INFO: [ template_filter ] --START--
INFO: Run Behavior\ContentReplaceBehavior [ RunTime:0.000538s ]
INFO: [ template_filter ] --END-- [ RunTime:0.000984s ]
INFO: Run Behavior\ParseTemplateBehavior [ RunTime:0.055040s ]
INFO: [ view_parse ] --END-- [ RunTime:0.055454s ]
INFO: [ view_filter ] --START--
INFO: Run Behavior\WriteHtmlCacheBehavior [ RunTime:0.002071s ]
INFO: [ view_filter ] --END-- [ RunTime:0.002413s ]
INFO: [ app_end ] --START--
INFO: Run Behavior\ShowPageTraceBehavior [ RunTime:0.003987s ]
INFO: [ app_end ] --END-- [ RunTime:0.004374s ]

[ 2015-11-06T11:10:52+08:00 ] ::1 /cloud/index.php/Home/Cookmenu/menuStyle_list.html
INFO: [ app_init ] --START--
INFO: Run Behavior\BuildLiteBehavior [ RunTime:0.000045s ]
INFO: [ app_init ] --END-- [ RunTime:0.001300s ]
INFO: [ app_begin ] --START--
INFO: Run Behavior\ReadHtmlCacheBehavior [ RunTime:0.002104s ]
INFO: [ app_begin ] --END-- [ RunTime:0.002350s ]
INFO: [ view_parse ] --START--
INFO: [ template_filter ] --START--
INFO: Run Behavior\ContentReplaceBehavior [ RunTime:0.000359s ]
INFO: [ template_filter ] --END-- [ RunTime:0.000729s ]
INFO: Run Behavior\ParseTemplateBehavior [ RunTime:0.113398s ]
INFO: [ view_parse ] --END-- [ RunTime:0.114249s ]
INFO: [ view_filter ] --START--
INFO: Run Behavior\WriteHtmlCacheBehavior [ RunTime:0.002090s ]
INFO: [ view_filter ] --END-- [ RunTime:0.004938s ]
INFO: [ app_end ] --START--
INFO: Run Behavior\ShowPageTraceBehavior [ RunTime:0.011100s ]
INFO: [ app_end ] --END-- [ RunTime:0.011405s ]

[ 2015-11-06T11:10:52+08:00 ] ::1 /cloud/index.php/Home/Cookmenu/menuStyle_list.html
INFO: [ app_init ] --START--
INFO: Run Behavior\BuildLiteBehavior [ RunTime:0.000052s ]
INFO: [ app_init ] --END-- [ RunTime:0.002168s ]
INFO: [ app_begin ] --START--
INFO: Run Behavior\ReadHtmlCacheBehavior [ RunTime:0.002855s ]
INFO: [ app_begin ] --END-- [ RunTime:0.003205s ]
INFO: [ view_parse ] --START--
INFO: [ template_filter ] --START--
INFO: Run Behavior\ContentReplaceBehavior [ RunTime:0.000388s ]
INFO: [ template_filter ] --END-- [ RunTime:0.001432s ]
INFO: Run Behavior\ParseTemplateBehavior [ RunTime:0.040876s ]
INFO: [ view_parse ] --END-- [ RunTime:0.041321s ]
INFO: [ view_filter ] --START--
INFO: Run Behavior\WriteHtmlCacheBehavior [ RunTime:0.001921s ]
INFO: [ view_filter ] --END-- [ RunTime:0.002211s ]
INFO: [ app_end ] --START--
INFO: Run Behavior\ShowPageTraceBehavior [ RunTime:0.003166s ]
INFO: [ app_end ] --END-- [ RunTime:0.003485s ]

[ 2015-11-06T11:10:53+08:00 ] ::1 /cloud/index.php/Home/cookmenu/menuStyleList
INFO: [ app_init ] --START--
INFO: Run Behavior\BuildLiteBehavior [ RunTime:0.000068s ]
INFO: [ app_init ] --END-- [ RunTime:0.001930s ]
INFO: [ app_begin ] --START--
INFO: Run Behavior\ReadHtmlCacheBehavior [ RunTime:0.003497s ]
INFO: [ app_begin ] --END-- [ RunTime:0.003892s ]
NOTIC: [8] Undefined index: uid E:\xampp\htdocs\cloud\Application\Home\Controller\CookmenuController.class.php 第 21 行.
SQL: SHOW COLUMNS FROM `cookstyle` [ RunTime:0.0092s ]
SQL: select s.com_id,s.id as styleid,s.stylename from cookstyle s inner join company c on c.id = s.com_id inner join user u on u.id=c.user_id where u.id=1 [ RunTime:0.0011s ]
SQL: SHOW COLUMNS FROM `cookmenu` [ RunTime:0.0100s ]
SQL: select styleid,count(styleid) count from cookmenu where  is_delete = 0 and styleid=2 [ RunTime:0.0010s ]
SQL: select styleid,count(styleid) count from cookmenu where  is_delete = 0 and styleid=3 [ RunTime:0.0009s ]
SQL: select styleid,count(styleid) count from cookmenu where  is_delete = 0 and styleid=4 [ RunTime:0.0009s ]
SQL: select styleid,count(styleid) count from cookmenu where  is_delete = 0 and styleid=12 [ RunTime:0.0010s ]

[ 2015-11-06T11:10:53+08:00 ] ::1 /cloud/index.php/Home/cookmenu/menuList
INFO: [ app_init ] --START--
INFO: Run Behavior\BuildLiteBehavior [ RunTime:0.000048s ]
INFO: [ app_init ] --END-- [ RunTime:0.001642s ]
INFO: [ app_begin ] --START--
INFO: Run Behavior\ReadHtmlCacheBehavior [ RunTime:0.002298s ]
INFO: [ app_begin ] --END-- [ RunTime:0.002579s ]
NOTIC: [8] Undefined index: uid E:\xampp\htdocs\cloud\Application\Home\Controller\CookmenuController.class.php 第 98 行.
SQL: SHOW COLUMNS FROM `cookmenu` [ RunTime:0.0114s ]
SQL:  select t.id, t.com_id,s.stylename ,t.cookname,t.price,t.standard,t.recommend,t.picture,t.styleid FROM cookmenu t 
            INNER JOIN cookstyle s ON t.styleid = s.id 
            INNER JOIN company c ON c.id = t.com_id
            INNER JOIN user u ON u.id = c.user_id
            WHERE t.is_delete = 0 and u.id = 1 [ RunTime:0.0023s ]

[ 2015-11-06T11:10:53+08:00 ] ::1 /cloud/index.php/Home/company/companyList
INFO: [ app_init ] --START--
INFO: Run Behavior\BuildLiteBehavior [ RunTime:0.000069s ]
INFO: [ app_init ] --END-- [ RunTime:0.002153s ]
INFO: [ app_begin ] --START--
INFO: Run Behavior\ReadHtmlCacheBehavior [ RunTime:0.004053s ]
INFO: [ app_begin ] --END-- [ RunTime:0.007004s ]
NOTIC: [8] Undefined index: uid E:\xampp\htdocs\cloud\Application\Home\Controller\CompanyController.class.php 第 20 行.
SQL: SHOW COLUMNS FROM `company` [ RunTime:0.0106s ]
SQL: SELECT * FROM `company` WHERE `user_id` = 1  [ RunTime:0.0010s ]

[ 2015-11-06T11:10:53+08:00 ] ::1 /cloud/index.php/Home/cookmenu/menuStyleList
INFO: [ app_init ] --START--
INFO: Run Behavior\BuildLiteBehavior [ RunTime:0.000048s ]
INFO: [ app_init ] --END-- [ RunTime:0.001722s ]
INFO: [ app_begin ] --START--
INFO: Run Behavior\ReadHtmlCacheBehavior [ RunTime:0.002289s ]
INFO: [ app_begin ] --END-- [ RunTime:0.002587s ]
NOTIC: [8] Undefined index: uid E:\xampp\htdocs\cloud\Application\Home\Controller\CookmenuController.class.php 第 21 行.
SQL: SHOW COLUMNS FROM `cookstyle` [ RunTime:0.0089s ]
SQL: select s.com_id,s.id as styleid,s.stylename from cookstyle s inner join company c on c.id = s.com_id inner join user u on u.id=c.user_id where u.id=1 [ RunTime:0.0011s ]
SQL: SHOW COLUMNS FROM `cookmenu` [ RunTime:0.0087s ]
SQL: select styleid,count(styleid) count from cookmenu where  is_delete = 0 and styleid=2 [ RunTime:0.0011s ]
SQL: select styleid,count(styleid) count from cookmenu where  is_delete = 0 and styleid=3 [ RunTime:0.0008s ]
SQL: select styleid,count(styleid) count from cookmenu where  is_delete = 0 and styleid=4 [ RunTime:0.0008s ]
SQL: select styleid,count(styleid) count from cookmenu where  is_delete = 0 and styleid=12 [ RunTime:0.0008s ]

[ 2015-11-06T11:10:58+08:00 ] ::1 /cloud/index.php/Home/Cookmenu/menu_add.html
INFO: [ app_init ] --START--
INFO: Run Behavior\BuildLiteBehavior [ RunTime:0.000047s ]
INFO: [ app_init ] --END-- [ RunTime:0.001265s ]
INFO: [ app_begin ] --START--
INFO: Run Behavior\ReadHtmlCacheBehavior [ RunTime:0.002476s ]
INFO: [ app_begin ] --END-- [ RunTime:0.002980s ]
INFO: [ view_parse ] --START--
INFO: [ template_filter ] --START--
INFO: Run Behavior\ContentReplaceBehavior [ RunTime:0.000242s ]
INFO: [ template_filter ] --END-- [ RunTime:0.000509s ]
INFO: Run Behavior\ParseTemplateBehavior [ RunTime:0.067235s ]
INFO: [ view_parse ] --END-- [ RunTime:0.067489s ]
INFO: [ view_filter ] --START--
INFO: Run Behavior\WriteHtmlCacheBehavior [ RunTime:0.001568s ]
INFO: [ view_filter ] --END-- [ RunTime:0.001752s ]
INFO: [ app_end ] --START--
INFO: Run Behavior\ShowPageTraceBehavior [ RunTime:0.007499s ]
INFO: [ app_end ] --END-- [ RunTime:0.007710s ]

[ 2015-11-06T11:10:59+08:00 ] ::1 /cloud/index.php/Home/cookmenu/menuStyleList
INFO: [ app_init ] --START--
INFO: Run Behavior\BuildLiteBehavior [ RunTime:0.000046s ]
INFO: [ app_init ] --END-- [ RunTime:0.001850s ]
INFO: [ app_begin ] --START--
INFO: Run Behavior\ReadHtmlCacheBehavior [ RunTime:0.002258s ]
INFO: [ app_begin ] --END-- [ RunTime:0.002567s ]
NOTIC: [8] Undefined index: uid E:\xampp\htdocs\cloud\Application\Home\Controller\CookmenuController.class.php 第 21 行.
SQL: SHOW COLUMNS FROM `cookstyle` [ RunTime:0.0098s ]
SQL: select s.com_id,s.id as styleid,s.stylename from cookstyle s inner join company c on c.id = s.com_id inner join user u on u.id=c.user_id where u.id=1 [ RunTime:0.0013s ]
SQL: SHOW COLUMNS FROM `cookmenu` [ RunTime:0.0121s ]
SQL: select styleid,count(styleid) count from cookmenu where  is_delete = 0 and styleid=2 [ RunTime:0.0009s ]
SQL: select styleid,count(styleid) count from cookmenu where  is_delete = 0 and styleid=3 [ RunTime:0.0008s ]
SQL: select styleid,count(styleid) count from cookmenu where  is_delete = 0 and styleid=4 [ RunTime:0.0007s ]
SQL: select styleid,count(styleid) count from cookmenu where  is_delete = 0 and styleid=12 [ RunTime:0.0008s ]

[ 2015-11-06T11:10:59+08:00 ] ::1 /cloud/index.php/Home/cookmenu/menuList
INFO: [ app_init ] --START--
INFO: Run Behavior\BuildLiteBehavior [ RunTime:0.000050s ]
INFO: [ app_init ] --END-- [ RunTime:0.001931s ]
INFO: [ app_begin ] --START--
INFO: Run Behavior\ReadHtmlCacheBehavior [ RunTime:0.003025s ]
INFO: [ app_begin ] --END-- [ RunTime:0.003336s ]
NOTIC: [8] Undefined index: uid E:\xampp\htdocs\cloud\Application\Home\Controller\CookmenuController.class.php 第 98 行.
SQL: SHOW COLUMNS FROM `cookmenu` [ RunTime:0.0090s ]
SQL:  select t.id, t.com_id,s.stylename ,t.cookname,t.price,t.standard,t.recommend,t.picture,t.styleid FROM cookmenu t 
            INNER JOIN cookstyle s ON t.styleid = s.id 
            INNER JOIN company c ON c.id = t.com_id
            INNER JOIN user u ON u.id = c.user_id
            WHERE t.is_delete = 0 and u.id = 1 [ RunTime:0.0020s ]

[ 2015-11-06T11:10:59+08:00 ] ::1 /cloud/index.php/Home/company/companyList
INFO: [ app_init ] --START--
INFO: Run Behavior\BuildLiteBehavior [ RunTime:0.000089s ]
INFO: [ app_init ] --END-- [ RunTime:0.001390s ]
INFO: [ app_begin ] --START--
INFO: Run Behavior\ReadHtmlCacheBehavior [ RunTime:0.002894s ]
INFO: [ app_begin ] --END-- [ RunTime:0.003170s ]
NOTIC: [8] Undefined index: uid E:\xampp\htdocs\cloud\Application\Home\Controller\CompanyController.class.php 第 20 行.
SQL: SHOW COLUMNS FROM `company` [ RunTime:0.0082s ]
SQL: SELECT * FROM `company` WHERE `user_id` = 1  [ RunTime:0.0010s ]

[ 2015-11-06T11:10:59+08:00 ] ::1 /cloud/index.php/Home/cookmenu/menuStyleList
INFO: [ app_init ] --START--
INFO: Run Behavior\BuildLiteBehavior [ RunTime:0.000097s ]
INFO: [ app_init ] --END-- [ RunTime:0.001896s ]
INFO: [ app_begin ] --START--
INFO: Run Behavior\ReadHtmlCacheBehavior [ RunTime:0.001917s ]
INFO: [ app_begin ] --END-- [ RunTime:0.002116s ]
NOTIC: [8] Undefined index: uid E:\xampp\htdocs\cloud\Application\Home\Controller\CookmenuController.class.php 第 21 行.
SQL: SHOW COLUMNS FROM `cookstyle` [ RunTime:0.0101s ]
SQL: select s.com_id,s.id as styleid,s.stylename from cookstyle s inner join company c on c.id = s.com_id inner join user u on u.id=c.user_id where u.id=1 [ RunTime:0.0011s ]
SQL: SHOW COLUMNS FROM `cookmenu` [ RunTime:0.0094s ]
SQL: select styleid,count(styleid) count from cookmenu where  is_delete = 0 and styleid=2 [ RunTime:0.0010s ]
SQL: select styleid,count(styleid) count from cookmenu where  is_delete = 0 and styleid=3 [ RunTime:0.0009s ]
SQL: select styleid,count(styleid) count from cookmenu where  is_delete = 0 and styleid=4 [ RunTime:0.0009s ]
SQL: select styleid,count(styleid) count from cookmenu where  is_delete = 0 and styleid=12 [ RunTime:0.0009s ]

[ 2015-11-06T11:11:01+08:00 ] ::1 /cloud/index.php/Home/Cookmenu/menu_list.html
INFO: [ app_init ] --START--
INFO: Run Behavior\BuildLiteBehavior [ RunTime:0.000050s ]
INFO: [ app_init ] --END-- [ RunTime:0.001415s ]
INFO: [ app_begin ] --START--
INFO: Run Behavior\ReadHtmlCacheBehavior [ RunTime:0.003196s ]
INFO: [ app_begin ] --END-- [ RunTime:0.003684s ]
INFO: [ view_parse ] --START--
INFO: [ template_filter ] --START--
INFO: Run Behavior\ContentReplaceBehavior [ RunTime:0.000297s ]
INFO: [ template_filter ] --END-- [ RunTime:0.000588s ]
INFO: Run Behavior\ParseTemplateBehavior [ RunTime:0.041456s ]
INFO: [ view_parse ] --END-- [ RunTime:0.041699s ]
INFO: [ view_filter ] --START--
INFO: Run Behavior\WriteHtmlCacheBehavior [ RunTime:0.076873s ]
INFO: [ view_filter ] --END-- [ RunTime:0.077114s ]
INFO: [ app_end ] --START--
INFO: Run Behavior\ShowPageTraceBehavior [ RunTime:0.002896s ]
INFO: [ app_end ] --END-- [ RunTime:0.003121s ]

[ 2015-11-06T11:11:01+08:00 ] ::1 /cloud/index.php/Home/cookmenu/menuStyleList
INFO: [ app_init ] --START--
INFO: Run Behavior\BuildLiteBehavior [ RunTime:0.000046s ]
INFO: [ app_init ] --END-- [ RunTime:0.001611s ]
INFO: [ app_begin ] --START--
INFO: Run Behavior\ReadHtmlCacheBehavior [ RunTime:0.002397s ]
INFO: [ app_begin ] --END-- [ RunTime:0.002698s ]
NOTIC: [8] Undefined index: uid E:\xampp\htdocs\cloud\Application\Home\Controller\CookmenuController.class.php 第 21 行.
SQL: SHOW COLUMNS FROM `cookstyle` [ RunTime:0.0106s ]
SQL: select s.com_id,s.id as styleid,s.stylename from cookstyle s inner join company c on c.id = s.com_id inner join user u on u.id=c.user_id where u.id=1 [ RunTime:0.0010s ]
SQL: SHOW COLUMNS FROM `cookmenu` [ RunTime:0.0125s ]
SQL: select styleid,count(styleid) count from cookmenu where  is_delete = 0 and styleid=2 [ RunTime:0.0010s ]
SQL: select styleid,count(styleid) count from cookmenu where  is_delete = 0 and styleid=3 [ RunTime:0.0009s ]
SQL: select styleid,count(styleid) count from cookmenu where  is_delete = 0 and styleid=4 [ RunTime:0.0008s ]
SQL: select styleid,count(styleid) count from cookmenu where  is_delete = 0 and styleid=12 [ RunTime:0.0008s ]

[ 2015-11-06T11:11:01+08:00 ] ::1 /cloud/index.php/Home/cookmenu/menuList
INFO: [ app_init ] --START--
INFO: Run Behavior\BuildLiteBehavior [ RunTime:0.000048s ]
INFO: [ app_init ] --END-- [ RunTime:0.001992s ]
INFO: [ app_begin ] --START--
INFO: Run Behavior\ReadHtmlCacheBehavior [ RunTime:0.002173s ]
INFO: [ app_begin ] --END-- [ RunTime:0.002420s ]
NOTIC: [8] Undefined index: uid E:\xampp\htdocs\cloud\Application\Home\Controller\CookmenuController.class.php 第 98 行.
SQL: SHOW COLUMNS FROM `cookmenu` [ RunTime:0.0101s ]
SQL:  select t.id, t.com_id,s.stylename ,t.cookname,t.price,t.standard,t.recommend,t.picture,t.styleid FROM cookmenu t 
            INNER JOIN cookstyle s ON t.styleid = s.id 
            INNER JOIN company c ON c.id = t.com_id
            INNER JOIN user u ON u.id = c.user_id
            WHERE t.is_delete = 0 and u.id = 1 [ RunTime:0.0016s ]

[ 2015-11-06T11:11:01+08:00 ] ::1 /cloud/index.php/Home/company/companyList
INFO: [ app_init ] --START--
INFO: Run Behavior\BuildLiteBehavior [ RunTime:0.000049s ]
INFO: [ app_init ] --END-- [ RunTime:0.001779s ]
INFO: [ app_begin ] --START--
INFO: Run Behavior\ReadHtmlCacheBehavior [ RunTime:0.002200s ]
INFO: [ app_begin ] --END-- [ RunTime:0.002391s ]
NOTIC: [8] Undefined index: uid E:\xampp\htdocs\cloud\Application\Home\Controller\CompanyController.class.php 第 20 行.
SQL: SHOW COLUMNS FROM `company` [ RunTime:0.0101s ]
SQL: SELECT * FROM `company` WHERE `user_id` = 1  [ RunTime:0.0011s ]

[ 2015-11-06T11:11:01+08:00 ] ::1 /cloud/index.php/Home/cookmenu/menuStyleList
INFO: [ app_init ] --START--
INFO: Run Behavior\BuildLiteBehavior [ RunTime:0.000067s ]
INFO: [ app_init ] --END-- [ RunTime:0.002057s ]
INFO: [ app_begin ] --START--
INFO: Run Behavior\ReadHtmlCacheBehavior [ RunTime:0.002613s ]
INFO: [ app_begin ] --END-- [ RunTime:0.002913s ]
NOTIC: [8] Undefined index: uid E:\xampp\htdocs\cloud\Application\Home\Controller\CookmenuController.class.php 第 21 行.
SQL: SHOW COLUMNS FROM `cookstyle` [ RunTime:0.0083s ]
SQL: select s.com_id,s.id as styleid,s.stylename from cookstyle s inner join company c on c.id = s.com_id inner join user u on u.id=c.user_id where u.id=1 [ RunTime:0.0013s ]
SQL: SHOW COLUMNS FROM `cookmenu` [ RunTime:0.0096s ]
SQL: select styleid,count(styleid) count from cookmenu where  is_delete = 0 and styleid=2 [ RunTime:0.0010s ]
SQL: select styleid,count(styleid) count from cookmenu where  is_delete = 0 and styleid=3 [ RunTime:0.0007s ]
SQL: select styleid,count(styleid) count from cookmenu where  is_delete = 0 and styleid=4 [ RunTime:0.0008s ]
SQL: select styleid,count(styleid) count from cookmenu where  is_delete = 0 and styleid=12 [ RunTime:0.0007s ]

[ 2015-11-06T11:11:07+08:00 ] ::1 /cloud/index.php/Home/cookmenu/menuIdToInfo
INFO: [ app_init ] --START--
INFO: Run Behavior\BuildLiteBehavior [ RunTime:0.000050s ]
INFO: [ app_init ] --END-- [ RunTime:0.001538s ]
INFO: [ app_begin ] --START--
INFO: Run Behavior\ReadHtmlCacheBehavior [ RunTime:0.002088s ]
INFO: [ app_begin ] --END-- [ RunTime:0.002350s ]
SQL: SHOW COLUMNS FROM `cookmenu` [ RunTime:0.0088s ]
SQL: SELECT * FROM `cookmenu` WHERE `id` = 36  [ RunTime:0.0010s ]

[ 2015-11-06T11:11:14+08:00 ] ::1 /cloud/index.php/Home/Cookmenu/menuModify
INFO: [ app_init ] --START--
INFO: Run Behavior\BuildLiteBehavior [ RunTime:0.000049s ]
INFO: [ app_init ] --END-- [ RunTime:0.001695s ]
INFO: [ app_begin ] --START--
INFO: Run Behavior\ReadHtmlCacheBehavior [ RunTime:0.002247s ]
INFO: [ app_begin ] --END-- [ RunTime:0.002504s ]
NOTIC: [8] Use of undefined constant uniqid - assumed 'uniqid' E:\xampp\htdocs\cloud\Application\Home\Controller\CookmenuController.class.php 第 222 行.
SQL: SHOW COLUMNS FROM `cookmenu` [ RunTime:0.0092s ]
SQL: UPDATE `cookmenu` SET `com_id`='1',`styleid`='2',`cookname`='正宗四川毛血旺',`price`='80',`standard`='盘',`recommend`='普通',`introduce`='毛血旺，起源于重庆，流行于重庆和四川地区，是一道著名的汉族菜式，属于渝菜。曾列入川菜菜谱之一，以鸭血为制作主料，毛血旺的烹饪技巧以煮菜为主，口味属于麻辣味。毛血旺是重庆市的特色菜，这道菜是将生血旺现烫现吃，且毛肚杂碎为主料，遂取名毛血旺。这道菜是渝菜江湖菜的鼻祖之一。现在，毛血旺的名气已引领渝菜大军，席卷了大江南北。麻辣诱惑对传统的毛血旺进行了改良和创新，将其汤汁红亮、麻辣鲜香、味浓味厚的特点不断发扬光大，值得一尝为快的巴渝名菜。',`edit_time`='1446779474' WHERE `id` = 36 [ RunTime:0.1912s ]
INFO: [ app_end ] --START--
INFO: Run Behavior\ShowPageTraceBehavior [ RunTime:0.004425s ]
INFO: [ app_end ] --END-- [ RunTime:0.004806s ]

[ 2015-11-06T11:11:18+08:00 ] ::1 /cloud/index.php/Home/cookmenu/menuList
INFO: [ app_init ] --START--
INFO: Run Behavior\BuildLiteBehavior [ RunTime:0.000052s ]
INFO: [ app_init ] --END-- [ RunTime:0.002056s ]
INFO: [ app_begin ] --START--
INFO: Run Behavior\ReadHtmlCacheBehavior [ RunTime:0.002954s ]
INFO: [ app_begin ] --END-- [ RunTime:0.003305s ]
NOTIC: [8] Undefined index: uid E:\xampp\htdocs\cloud\Application\Home\Controller\CookmenuController.class.php 第 98 行.
SQL: SHOW COLUMNS FROM `cookmenu` [ RunTime:0.0130s ]
SQL:  select t.id, t.com_id,s.stylename ,t.cookname,t.price,t.standard,t.recommend,t.picture,t.styleid FROM cookmenu t 
            INNER JOIN cookstyle s ON t.styleid = s.id 
            INNER JOIN company c ON c.id = t.com_id
            INNER JOIN user u ON u.id = c.user_id
            WHERE t.is_delete = 0 and u.id = 1 [ RunTime:0.0021s ]

[ 2015-11-06T11:11:20+08:00 ] ::1 /cloud/index.php/Home/Cookmenu/menu_list.html
INFO: [ app_init ] --START--
INFO: Run Behavior\BuildLiteBehavior [ RunTime:0.000055s ]
INFO: [ app_init ] --END-- [ RunTime:0.005067s ]
INFO: [ app_begin ] --START--
INFO: Run Behavior\ReadHtmlCacheBehavior [ RunTime:0.043023s ]
INFO: [ app_begin ] --END-- [ RunTime:0.043306s ]
INFO: [ view_parse ] --START--
INFO: [ template_filter ] --START--
INFO: Run Behavior\ContentReplaceBehavior [ RunTime:0.000451s ]
INFO: [ template_filter ] --END-- [ RunTime:0.000824s ]
INFO: Run Behavior\ParseTemplateBehavior [ RunTime:0.052283s ]
INFO: [ view_parse ] --END-- [ RunTime:0.052645s ]
INFO: [ view_filter ] --START--
INFO: Run Behavior\WriteHtmlCacheBehavior [ RunTime:0.007152s ]
INFO: [ view_filter ] --END-- [ RunTime:0.007665s ]
INFO: [ app_end ] --START--
INFO: Run Behavior\ShowPageTraceBehavior [ RunTime:0.004297s ]
INFO: [ app_end ] --END-- [ RunTime:0.005992s ]

[ 2015-11-06T11:11:20+08:00 ] ::1 /cloud/index.php/Home/cookmenu/menuStyleList
INFO: [ app_init ] --START--
INFO: Run Behavior\BuildLiteBehavior [ RunTime:0.000071s ]
INFO: [ app_init ] --END-- [ RunTime:0.003082s ]
INFO: [ app_begin ] --START--
INFO: Run Behavior\ReadHtmlCacheBehavior [ RunTime:0.002454s ]
INFO: [ app_begin ] --END-- [ RunTime:0.002806s ]
NOTIC: [8] Undefined index: uid E:\xampp\htdocs\cloud\Application\Home\Controller\CookmenuController.class.php 第 21 行.
SQL: SHOW COLUMNS FROM `cookstyle` [ RunTime:0.0082s ]
SQL: select s.com_id,s.id as styleid,s.stylename from cookstyle s inner join company c on c.id = s.com_id inner join user u on u.id=c.user_id where u.id=1 [ RunTime:0.0012s ]
SQL: SHOW COLUMNS FROM `cookmenu` [ RunTime:0.0091s ]
SQL: select styleid,count(styleid) count from cookmenu where  is_delete = 0 and styleid=2 [ RunTime:0.0009s ]
SQL: select styleid,count(styleid) count from cookmenu where  is_delete = 0 and styleid=3 [ RunTime:0.0006s ]
SQL: select styleid,count(styleid) count from cookmenu where  is_delete = 0 and styleid=4 [ RunTime:0.0006s ]
SQL: select styleid,count(styleid) count from cookmenu where  is_delete = 0 and styleid=12 [ RunTime:0.0008s ]

[ 2015-11-06T11:11:20+08:00 ] ::1 /cloud/index.php/Home/cookmenu/menuList
INFO: [ app_init ] --START--
INFO: Run Behavior\BuildLiteBehavior [ RunTime:0.000044s ]
INFO: [ app_init ] --END-- [ RunTime:0.001776s ]
INFO: [ app_begin ] --START--
INFO: Run Behavior\ReadHtmlCacheBehavior [ RunTime:0.002594s ]
INFO: [ app_begin ] --END-- [ RunTime:0.002836s ]
NOTIC: [8] Undefined index: uid E:\xampp\htdocs\cloud\Application\Home\Controller\CookmenuController.class.php 第 98 行.
SQL: SHOW COLUMNS FROM `cookmenu` [ RunTime:0.0112s ]
SQL:  select t.id, t.com_id,s.stylename ,t.cookname,t.price,t.standard,t.recommend,t.picture,t.styleid FROM cookmenu t 
            INNER JOIN cookstyle s ON t.styleid = s.id 
            INNER JOIN company c ON c.id = t.com_id
            INNER JOIN user u ON u.id = c.user_id
            WHERE t.is_delete = 0 and u.id = 1 [ RunTime:0.0016s ]

[ 2015-11-06T11:11:20+08:00 ] ::1 /cloud/index.php/Home/company/companyList
INFO: [ app_init ] --START--
INFO: Run Behavior\BuildLiteBehavior [ RunTime:0.000123s ]
INFO: [ app_init ] --END-- [ RunTime:0.002107s ]
INFO: [ app_begin ] --START--
INFO: Run Behavior\ReadHtmlCacheBehavior [ RunTime:0.002941s ]
INFO: [ app_begin ] --END-- [ RunTime:0.003256s ]
NOTIC: [8] Undefined index: uid E:\xampp\htdocs\cloud\Application\Home\Controller\CompanyController.class.php 第 20 行.
SQL: SHOW COLUMNS FROM `company` [ RunTime:0.0082s ]
SQL: SELECT * FROM `company` WHERE `user_id` = 1  [ RunTime:0.0010s ]

[ 2015-11-06T11:11:21+08:00 ] ::1 /cloud/index.php/Home/cookmenu/menuStyleList
INFO: [ app_init ] --START--
INFO: Run Behavior\BuildLiteBehavior [ RunTime:0.000049s ]
INFO: [ app_init ] --END-- [ RunTime:0.001558s ]
INFO: [ app_begin ] --START--
INFO: Run Behavior\ReadHtmlCacheBehavior [ RunTime:0.003050s ]
INFO: [ app_begin ] --END-- [ RunTime:0.003299s ]
NOTIC: [8] Undefined index: uid E:\xampp\htdocs\cloud\Application\Home\Controller\CookmenuController.class.php 第 21 行.
SQL: SHOW COLUMNS FROM `cookstyle` [ RunTime:0.0082s ]
SQL: select s.com_id,s.id as styleid,s.stylename from cookstyle s inner join company c on c.id = s.com_id inner join user u on u.id=c.user_id where u.id=1 [ RunTime:0.0012s ]
SQL: SHOW COLUMNS FROM `cookmenu` [ RunTime:0.0097s ]
SQL: select styleid,count(styleid) count from cookmenu where  is_delete = 0 and styleid=2 [ RunTime:0.0009s ]
SQL: select styleid,count(styleid) count from cookmenu where  is_delete = 0 and styleid=3 [ RunTime:0.0008s ]
SQL: select styleid,count(styleid) count from cookmenu where  is_delete = 0 and styleid=4 [ RunTime:0.0008s ]
SQL: select styleid,count(styleid) count from cookmenu where  is_delete = 0 and styleid=12 [ RunTime:0.0008s ]

[ 2015-11-06T11:11:35+08:00 ] ::1 /cloud/index.php/Home/Cookmenu/menu_add.html
INFO: [ app_init ] --START--
INFO: Run Behavior\BuildLiteBehavior [ RunTime:0.000096s ]
INFO: [ app_init ] --END-- [ RunTime:0.001496s ]
INFO: [ app_begin ] --START--
INFO: Run Behavior\ReadHtmlCacheBehavior [ RunTime:0.008629s ]
INFO: [ app_begin ] --END-- [ RunTime:0.008934s ]
INFO: [ view_parse ] --START--
INFO: [ template_filter ] --START--
INFO: Run Behavior\ContentReplaceBehavior [ RunTime:0.000599s ]
INFO: [ template_filter ] --END-- [ RunTime:0.003941s ]
INFO: Run Behavior\ParseTemplateBehavior [ RunTime:0.101748s ]
INFO: [ view_parse ] --END-- [ RunTime:0.102374s ]
INFO: [ view_filter ] --START--
INFO: Run Behavior\WriteHtmlCacheBehavior [ RunTime:0.001305s ]
INFO: [ view_filter ] --END-- [ RunTime:0.001517s ]
INFO: [ app_end ] --START--
INFO: Run Behavior\ShowPageTraceBehavior [ RunTime:0.006368s ]
INFO: [ app_end ] --END-- [ RunTime:0.006598s ]

[ 2015-11-06T11:11:36+08:00 ] ::1 /cloud/index.php/Home/cookmenu/menuStyleList
INFO: [ app_init ] --START--
INFO: Run Behavior\BuildLiteBehavior [ RunTime:0.000131s ]
INFO: [ app_init ] --END-- [ RunTime:0.001927s ]
INFO: [ app_begin ] --START--
INFO: Run Behavior\ReadHtmlCacheBehavior [ RunTime:0.002910s ]
INFO: [ app_begin ] --END-- [ RunTime:0.003216s ]
NOTIC: [8] Undefined index: uid E:\xampp\htdocs\cloud\Application\Home\Controller\CookmenuController.class.php 第 21 行.
SQL: SHOW COLUMNS FROM `cookstyle` [ RunTime:0.0105s ]
SQL: select s.com_id,s.id as styleid,s.stylename from cookstyle s inner join company c on c.id = s.com_id inner join user u on u.id=c.user_id where u.id=1 [ RunTime:0.0012s ]
SQL: SHOW COLUMNS FROM `cookmenu` [ RunTime:0.0104s ]
SQL: select styleid,count(styleid) count from cookmenu where  is_delete = 0 and styleid=2 [ RunTime:0.0010s ]
SQL: select styleid,count(styleid) count from cookmenu where  is_delete = 0 and styleid=3 [ RunTime:0.0008s ]
SQL: select styleid,count(styleid) count from cookmenu where  is_delete = 0 and styleid=4 [ RunTime:0.0008s ]
SQL: select styleid,count(styleid) count from cookmenu where  is_delete = 0 and styleid=12 [ RunTime:0.0008s ]

[ 2015-11-06T11:11:36+08:00 ] ::1 /cloud/index.php/Home/cookmenu/menuList
INFO: [ app_init ] --START--
INFO: Run Behavior\BuildLiteBehavior [ RunTime:0.000092s ]
INFO: [ app_init ] --END-- [ RunTime:0.002297s ]
INFO: [ app_begin ] --START--
INFO: Run Behavior\ReadHtmlCacheBehavior [ RunTime:0.003034s ]
INFO: [ app_begin ] --END-- [ RunTime:0.003321s ]
NOTIC: [8] Undefined index: uid E:\xampp\htdocs\cloud\Application\Home\Controller\CookmenuController.class.php 第 98 行.
SQL: SHOW COLUMNS FROM `cookmenu` [ RunTime:0.0124s ]
SQL:  select t.id, t.com_id,s.stylename ,t.cookname,t.price,t.standard,t.recommend,t.picture,t.styleid FROM cookmenu t 
            INNER JOIN cookstyle s ON t.styleid = s.id 
            INNER JOIN company c ON c.id = t.com_id
            INNER JOIN user u ON u.id = c.user_id
            WHERE t.is_delete = 0 and u.id = 1 [ RunTime:0.0023s ]

[ 2015-11-06T11:11:36+08:00 ] ::1 /cloud/index.php/Home/company/companyList
INFO: [ app_init ] --START--
INFO: Run Behavior\BuildLiteBehavior [ RunTime:0.000048s ]
INFO: [ app_init ] --END-- [ RunTime:0.001786s ]
INFO: [ app_begin ] --START--
INFO: Run Behavior\ReadHtmlCacheBehavior [ RunTime:0.001998s ]
INFO: [ app_begin ] --END-- [ RunTime:0.002188s ]
NOTIC: [8] Undefined index: uid E:\xampp\htdocs\cloud\Application\Home\Controller\CompanyController.class.php 第 20 行.
SQL: SHOW COLUMNS FROM `company` [ RunTime:0.0095s ]
SQL: SELECT * FROM `company` WHERE `user_id` = 1  [ RunTime:0.0011s ]

[ 2015-11-06T11:11:36+08:00 ] ::1 /cloud/index.php/Home/cookmenu/menuStyleList
INFO: [ app_init ] --START--
INFO: Run Behavior\BuildLiteBehavior [ RunTime:0.000069s ]
INFO: [ app_init ] --END-- [ RunTime:0.001777s ]
INFO: [ app_begin ] --START--
INFO: Run Behavior\ReadHtmlCacheBehavior [ RunTime:0.002409s ]
INFO: [ app_begin ] --END-- [ RunTime:0.002646s ]
NOTIC: [8] Undefined index: uid E:\xampp\htdocs\cloud\Application\Home\Controller\CookmenuController.class.php 第 21 行.
SQL: SHOW COLUMNS FROM `cookstyle` [ RunTime:0.0106s ]
SQL: select s.com_id,s.id as styleid,s.stylename from cookstyle s inner join company c on c.id = s.com_id inner join user u on u.id=c.user_id where u.id=1 [ RunTime:0.0014s ]
SQL: SHOW COLUMNS FROM `cookmenu` [ RunTime:0.0099s ]
SQL: select styleid,count(styleid) count from cookmenu where  is_delete = 0 and styleid=2 [ RunTime:0.0012s ]
SQL: select styleid,count(styleid) count from cookmenu where  is_delete = 0 and styleid=3 [ RunTime:0.0010s ]
SQL: select styleid,count(styleid) count from cookmenu where  is_delete = 0 and styleid=4 [ RunTime:0.0007s ]
SQL: select styleid,count(styleid) count from cookmenu where  is_delete = 0 and styleid=12 [ RunTime:0.0009s ]

[ 2015-11-06T11:12:23+08:00 ] ::1 /cloud/index.php/Home/Cookmenu/menu_add.html
INFO: [ app_init ] --START--
INFO: Run Behavior\BuildLiteBehavior [ RunTime:0.000072s ]
INFO: [ app_init ] --END-- [ RunTime:0.019797s ]
INFO: [ app_begin ] --START--
INFO: Run Behavior\ReadHtmlCacheBehavior [ RunTime:0.002221s ]
INFO: [ app_begin ] --END-- [ RunTime:0.002419s ]
INFO: [ view_parse ] --START--
INFO: [ template_filter ] --START--
INFO: Run Behavior\ContentReplaceBehavior [ RunTime:0.000102s ]
INFO: [ template_filter ] --END-- [ RunTime:0.000198s ]
INFO: Run Behavior\ParseTemplateBehavior [ RunTime:0.010527s ]
INFO: [ view_parse ] --END-- [ RunTime:0.010611s ]
INFO: [ view_filter ] --START--
INFO: Run Behavior\WriteHtmlCacheBehavior [ RunTime:0.000603s ]
INFO: [ view_filter ] --END-- [ RunTime:0.000883s ]
INFO: [ app_end ] --START--
INFO: Run Behavior\ShowPageTraceBehavior [ RunTime:0.000952s ]
INFO: [ app_end ] --END-- [ RunTime:0.001036s ]

[ 2015-11-06T11:12:24+08:00 ] ::1 /cloud/index.php/Home/cookmenu/menuStyleList
INFO: [ app_init ] --START--
INFO: Run Behavior\BuildLiteBehavior [ RunTime:0.000018s ]
INFO: [ app_init ] --END-- [ RunTime:0.000673s ]
INFO: [ app_begin ] --START--
INFO: Run Behavior\ReadHtmlCacheBehavior [ RunTime:0.000787s ]
INFO: [ app_begin ] --END-- [ RunTime:0.000889s ]
NOTIC: [8] Undefined index: uid E:\xampp\htdocs\cloud\Application\Home\Controller\CookmenuController.class.php 第 21 行.
SQL: SHOW COLUMNS FROM `cookstyle` [ RunTime:0.0036s ]
SQL: select s.com_id,s.id as styleid,s.stylename from cookstyle s inner join company c on c.id = s.com_id inner join user u on u.id=c.user_id where u.id=1 [ RunTime:0.0005s ]
SQL: SHOW COLUMNS FROM `cookmenu` [ RunTime:0.0049s ]
SQL: select styleid,count(styleid) count from cookmenu where  is_delete = 0 and styleid=2 [ RunTime:0.0005s ]
SQL: select styleid,count(styleid) count from cookmenu where  is_delete = 0 and styleid=3 [ RunTime:0.0004s ]
SQL: select styleid,count(styleid) count from cookmenu where  is_delete = 0 and styleid=4 [ RunTime:0.0004s ]
SQL: select styleid,count(styleid) count from cookmenu where  is_delete = 0 and styleid=12 [ RunTime:0.0004s ]

[ 2015-11-06T11:12:24+08:00 ] ::1 /cloud/index.php/Home/cookmenu/menuList
INFO: [ app_init ] --START--
INFO: Run Behavior\BuildLiteBehavior [ RunTime:0.000032s ]
INFO: [ app_init ] --END-- [ RunTime:0.000877s ]
INFO: [ app_begin ] --START--
INFO: Run Behavior\ReadHtmlCacheBehavior [ RunTime:0.001258s ]
INFO: [ app_begin ] --END-- [ RunTime:0.001401s ]
NOTIC: [8] Undefined index: uid E:\xampp\htdocs\cloud\Application\Home\Controller\CookmenuController.class.php 第 98 行.
SQL: SHOW COLUMNS FROM `cookmenu` [ RunTime:0.0035s ]
SQL:  select t.id, t.com_id,s.stylename ,t.cookname,t.price,t.standard,t.recommend,t.picture,t.styleid FROM cookmenu t 
            INNER JOIN cookstyle s ON t.styleid = s.id 
            INNER JOIN company c ON c.id = t.com_id
            INNER JOIN user u ON u.id = c.user_id
            WHERE t.is_delete = 0 and u.id = 1 [ RunTime:0.0012s ]

[ 2015-11-06T11:12:24+08:00 ] ::1 /cloud/index.php/Home/company/companyList
INFO: [ app_init ] --START--
INFO: Run Behavior\BuildLiteBehavior [ RunTime:0.000019s ]
INFO: [ app_init ] --END-- [ RunTime:0.000571s ]
INFO: [ app_begin ] --START--
INFO: Run Behavior\ReadHtmlCacheBehavior [ RunTime:0.001088s ]
INFO: [ app_begin ] --END-- [ RunTime:0.001215s ]
NOTIC: [8] Undefined index: uid E:\xampp\htdocs\cloud\Application\Home\Controller\CompanyController.class.php 第 20 行.
SQL: SHOW COLUMNS FROM `company` [ RunTime:0.0036s ]
SQL: SELECT * FROM `company` WHERE `user_id` = 1  [ RunTime:0.0004s ]

[ 2015-11-06T11:12:24+08:00 ] ::1 /cloud/index.php/Home/cookmenu/menuStyleList
INFO: [ app_init ] --START--
INFO: Run Behavior\BuildLiteBehavior [ RunTime:0.000018s ]
INFO: [ app_init ] --END-- [ RunTime:0.000595s ]
INFO: [ app_begin ] --START--
INFO: Run Behavior\ReadHtmlCacheBehavior [ RunTime:0.000786s ]
INFO: [ app_begin ] --END-- [ RunTime:0.000871s ]
NOTIC: [8] Undefined index: uid E:\xampp\htdocs\cloud\Application\Home\Controller\CookmenuController.class.php 第 21 行.
SQL: SHOW COLUMNS FROM `cookstyle` [ RunTime:0.0040s ]
SQL: select s.com_id,s.id as styleid,s.stylename from cookstyle s inner join company c on c.id = s.com_id inner join user u on u.id=c.user_id where u.id=1 [ RunTime:0.0005s ]
SQL: SHOW COLUMNS FROM `cookmenu` [ RunTime:0.0038s ]
SQL: select styleid,count(styleid) count from cookmenu where  is_delete = 0 and styleid=2 [ RunTime:0.0005s ]
SQL: select styleid,count(styleid) count from cookmenu where  is_delete = 0 and styleid=3 [ RunTime:0.0004s ]
SQL: select styleid,count(styleid) count from cookmenu where  is_delete = 0 and styleid=4 [ RunTime:0.0003s ]
SQL: select styleid,count(styleid) count from cookmenu where  is_delete = 0 and styleid=12 [ RunTime:0.0003s ]

