[ 2015-11-06T10:21:44+08:00 ] ::1 /cloud/Data/Uploads/Images/56235fb30a977.jpg
INFO: [ app_init ] --START--
INFO: Run Behavior\BuildLiteBehavior [ RunTime:0.000028s ]
INFO: [ app_init ] --END-- [ RunTime:0.000744s ]
ERR: 无法加载模块:Data

[ 2015-11-06T11:11:02+08:00 ] ::1 /cloud/Data/Uploads/Images/56235fb30a977.jpg
INFO: [ app_init ] --START--
INFO: Run Behavior\BuildLiteBehavior [ RunTime:0.000067s ]
INFO: [ app_init ] --END-- [ RunTime:0.001828s ]
ERR: 无法加载模块:Data

[ 2015-11-06T11:11:21+08:00 ] ::1 /cloud/Data/Uploads/Images/56235fb30a977.jpg
INFO: [ app_init ] --START--
INFO: Run Behavior\BuildLiteBehavior [ RunTime:0.000099s ]
INFO: [ app_init ] --END-- [ RunTime:0.002837s ]
ERR: 无法加载模块:Data

[ 2015-11-06T11:17:26+08:00 ] ::1 /cloud/Application/Index/View/Public/js/skin/WdatePicker.css
INFO: [ app_init ] --START--
INFO: Run Behavior\BuildLiteBehavior [ RunTime:0.000062s ]
INFO: [ app_init ] --END-- [ RunTime:0.001508s ]
ERR: 无法加载模块:Application

[ 2015-11-06T11:17:26+08:00 ] ::1 /cloud/Application/Index/View/images/icon01.gif
INFO: [ app_init ] --START--
INFO: Run Behavior\BuildLiteBehavior [ RunTime:0.000051s ]
INFO: [ app_init ] --END-- [ RunTime:0.001529s ]
ERR: 无法加载模块:Application

[ 2015-11-06T11:17:27+08:00 ] ::1 /cloud/Application/Index/View/Public/js/My97DatePicker.htm
INFO: [ app_init ] --START--
INFO: Run Behavior\BuildLiteBehavior [ RunTime:0.000068s ]
INFO: [ app_init ] --END-- [ RunTime:0.007744s ]
ERR: 无法加载模块:Application

[ 2015-11-06T11:17:53+08:00 ] ::1 /cloud/Application/Index/View/Public/image/uploadify_006.swf
INFO: [ app_init ] --START--
INFO: Run Behavior\BuildLiteBehavior [ RunTime:0.000073s ]
INFO: [ app_init ] --END-- [ RunTime:0.002614s ]
ERR: 无法加载模块:Application

