[ 2015-11-03T11:14:23+08:00 ] ::1 /cloud/Application/Index/View/Public/js/skin/WdatePicker.css
INFO: [ app_init ] --START--
INFO: Run Behavior\BuildLiteBehavior [ RunTime:0.000074s ]
INFO: [ app_init ] --END-- [ RunTime:0.002321s ]
ERR: 无法加载模块:Application

[ 2015-11-03T11:14:23+08:00 ] ::1 /cloud/Application/Index/View/images/icon01.gif
INFO: [ app_init ] --START--
INFO: Run Behavior\BuildLiteBehavior [ RunTime:0.000465s ]
INFO: [ app_init ] --END-- [ RunTime:0.004153s ]
ERR: 无法加载模块:Application

[ 2015-11-03T11:14:24+08:00 ] ::1 /cloud/Application/Index/View/Public/js/My97DatePicker.htm
INFO: [ app_init ] --START--
INFO: Run Behavior\BuildLiteBehavior [ RunTime:0.000017s ]
INFO: [ app_init ] --END-- [ RunTime:0.000433s ]
ERR: 无法加载模块:Application

[ 2015-11-03T12:37:40+08:00 ] ::1 /cloud/Data/Uploads/Images/56235fb30a977.jpg
INFO: [ app_init ] --START--
INFO: Run Behavior\BuildLiteBehavior [ RunTime:0.000031s ]
INFO: [ app_init ] --END-- [ RunTime:0.000888s ]
ERR: 无法加载模块:Data

[ 2015-11-03T12:51:28+08:00 ] ::1 /cloud/Data/Uploads/Images/56235fb30a977.jpg
INFO: [ app_init ] --START--
INFO: Run Behavior\BuildLiteBehavior [ RunTime:0.000028s ]
INFO: [ app_init ] --END-- [ RunTime:0.000698s ]
ERR: 无法加载模块:Data

[ 2015-11-03T12:51:59+08:00 ] ::1 /cloud/Data/Uploads/Images/56235fb30a977.jpg
INFO: [ app_init ] --START--
INFO: Run Behavior\BuildLiteBehavior [ RunTime:0.000019s ]
INFO: [ app_init ] --END-- [ RunTime:0.000643s ]
ERR: 无法加载模块:Data

[ 2015-11-03T12:52:28+08:00 ] ::1 /cloud/Data/Uploads/Images/56235fb30a977.jpg
INFO: [ app_init ] --START--
INFO: Run Behavior\BuildLiteBehavior [ RunTime:0.000030s ]
INFO: [ app_init ] --END-- [ RunTime:0.000890s ]
ERR: 无法加载模块:Data

[ 2015-11-03T12:56:37+08:00 ] ::1 /cloud/Data/Uploads/Images/56235fb30a977.jpg
INFO: [ app_init ] --START--
INFO: Run Behavior\BuildLiteBehavior [ RunTime:0.000024s ]
INFO: [ app_init ] --END-- [ RunTime:0.000622s ]
ERR: 无法加载模块:Data

