[ 2015-10-18T15:09:14+08:00 ] 127.0.0.1 /Cloud/page/feedback-list.html
INFO: [ app_init ] --START--
INFO: Run Behavior\BuildLiteBehavior [ RunTime:0.000000s ]
INFO: [ app_init ] --END-- [ RunTime:0.001000s ]
ERR: 无法加载模块:Page

[ 2015-10-18T15:09:18+08:00 ] 127.0.0.1 /Cloud/member/member-list.html
INFO: [ app_init ] --START--
INFO: Run Behavior\BuildLiteBehavior [ RunTime:0.000000s ]
INFO: [ app_init ] --END-- [ RunTime:0.001000s ]
ERR: 无法加载模块:Member

[ 2015-10-18T15:09:18+08:00 ] 127.0.0.1 /Cloud/member/member-list.html
INFO: [ app_init ] --START--
INFO: Run Behavior\BuildLiteBehavior [ RunTime:0.000000s ]
INFO: [ app_init ] --END-- [ RunTime:0.000000s ]
ERR: 无法加载模块:Member

[ 2015-10-18T15:09:18+08:00 ] 127.0.0.1 /Cloud/member/member-del.html
INFO: [ app_init ] --START--
INFO: Run Behavior\BuildLiteBehavior [ RunTime:0.000000s ]
INFO: [ app_init ] --END-- [ RunTime:0.001000s ]
ERR: 无法加载模块:Member

[ 2015-10-18T15:09:18+08:00 ] 127.0.0.1 /Cloud/member/member-del.html
INFO: [ app_init ] --START--
INFO: Run Behavior\BuildLiteBehavior [ RunTime:0.000000s ]
INFO: [ app_init ] --END-- [ RunTime:0.000000s ]
ERR: 无法加载模块:Member

[ 2015-10-18T15:09:19+08:00 ] 127.0.0.1 /Cloud/member/member-level.html
INFO: [ app_init ] --START--
INFO: Run Behavior\BuildLiteBehavior [ RunTime:0.000000s ]
INFO: [ app_init ] --END-- [ RunTime:0.001000s ]
ERR: 无法加载模块:Member

[ 2015-10-18T15:09:19+08:00 ] 127.0.0.1 /Cloud/member/member-level.html
INFO: [ app_init ] --START--
INFO: Run Behavior\BuildLiteBehavior [ RunTime:0.000000s ]
INFO: [ app_init ] --END-- [ RunTime:0.000000s ]
ERR: 无法加载模块:Member

[ 2015-10-18T15:09:20+08:00 ] 127.0.0.1 /Cloud/charts/charts-1.html
INFO: [ app_init ] --START--
INFO: Run Behavior\BuildLiteBehavior [ RunTime:0.000000s ]
INFO: [ app_init ] --END-- [ RunTime:0.001000s ]
ERR: 无法加载模块:Charts

[ 2015-10-18T15:09:20+08:00 ] 127.0.0.1 /Cloud/charts/charts-1.html
INFO: [ app_init ] --START--
INFO: Run Behavior\BuildLiteBehavior [ RunTime:0.000000s ]
INFO: [ app_init ] --END-- [ RunTime:0.000000s ]
ERR: 无法加载模块:Charts

[ 2015-10-18T15:09:21+08:00 ] 127.0.0.1 /Cloud/charts/charts-2.html
INFO: [ app_init ] --START--
INFO: Run Behavior\BuildLiteBehavior [ RunTime:0.000000s ]
INFO: [ app_init ] --END-- [ RunTime:0.001000s ]
ERR: 无法加载模块:Charts

[ 2015-10-18T15:09:21+08:00 ] 127.0.0.1 /Cloud/charts/charts-4.html
INFO: [ app_init ] --START--
INFO: Run Behavior\BuildLiteBehavior [ RunTime:0.000000s ]
INFO: [ app_init ] --END-- [ RunTime:0.001000s ]
ERR: 无法加载模块:Charts

[ 2015-10-18T15:09:22+08:00 ] 127.0.0.1 /Cloud/charts/charts-5.html
INFO: [ app_init ] --START--
INFO: Run Behavior\BuildLiteBehavior [ RunTime:0.001000s ]
INFO: [ app_init ] --END-- [ RunTime:0.001000s ]
ERR: 无法加载模块:Charts

[ 2015-10-18T15:09:22+08:00 ] 127.0.0.1 /Cloud/charts/charts-6.html
INFO: [ app_init ] --START--
INFO: Run Behavior\BuildLiteBehavior [ RunTime:0.000000s ]
INFO: [ app_init ] --END-- [ RunTime:0.001000s ]
ERR: 无法加载模块:Charts

[ 2015-10-18T15:09:22+08:00 ] 127.0.0.1 /Cloud/charts/charts-7.html
INFO: [ app_init ] --START--
INFO: Run Behavior\BuildLiteBehavior [ RunTime:0.000000s ]
INFO: [ app_init ] --END-- [ RunTime:0.000000s ]
ERR: 无法加载模块:Charts

[ 2015-10-18T15:09:22+08:00 ] 127.0.0.1 /Cloud/charts/charts-7.html
INFO: [ app_init ] --START--
INFO: Run Behavior\BuildLiteBehavior [ RunTime:0.000000s ]
INFO: [ app_init ] --END-- [ RunTime:0.000000s ]
ERR: 无法加载模块:Charts

[ 2015-10-18T16:15:21+08:00 ] 127.0.0.1 /Cloud/index.php/GetSys
INFO: [ app_init ] --START--
INFO: Run Behavior\BuildLiteBehavior [ RunTime:0.000000s ]
INFO: [ app_init ] --END-- [ RunTime:0.001000s ]
ERR: 无法加载模块:GetSys

