[ 2015-11-03T11:14:02+08:00 ] ::1 /cloud/index
INFO: [ app_init ] --START--
INFO: Run Behavior\BuildLiteBehavior [ RunTime:0.000046s ]
INFO: [ app_init ] --END-- [ RunTime:0.001636s ]
INFO: [ app_begin ] --START--
INFO: Run Behavior\ReadHtmlCacheBehavior [ RunTime:0.002849s ]
INFO: [ app_begin ] --END-- [ RunTime:0.003184s ]
INFO: [ view_parse ] --START--
INFO: [ template_filter ] --START--
INFO: Run Behavior\ContentReplaceBehavior [ RunTime:0.000671s ]
INFO: [ template_filter ] --END-- [ RunTime:0.000974s ]
INFO: Run Behavior\ParseTemplateBehavior [ RunTime:0.059501s ]
INFO: [ view_parse ] --END-- [ RunTime:0.059762s ]
INFO: [ view_filter ] --START--
INFO: Run Behavior\WriteHtmlCacheBehavior [ RunTime:0.001816s ]
INFO: [ view_filter ] --END-- [ RunTime:0.002059s ]
INFO: [ app_end ] --START--
INFO: Run Behavior\ShowPageTraceBehavior [ RunTime:0.003686s ]
INFO: [ app_end ] --END-- [ RunTime:0.004023s ]

[ 2015-11-03T11:14:22+08:00 ] ::1 /cloud/index/settled/settled
INFO: [ app_init ] --START--
INFO: Run Behavior\BuildLiteBehavior [ RunTime:0.000051s ]
INFO: [ app_init ] --END-- [ RunTime:0.001903s ]
INFO: [ app_begin ] --START--
INFO: Run Behavior\ReadHtmlCacheBehavior [ RunTime:0.004998s ]
INFO: [ app_begin ] --END-- [ RunTime:0.005427s ]
INFO: [ view_parse ] --START--
INFO: [ template_filter ] --START--
INFO: Run Behavior\ContentReplaceBehavior [ RunTime:0.001523s ]
INFO: [ template_filter ] --END-- [ RunTime:0.001810s ]
NOTIC: [8] Undefined variable: D E:\xampp\htdocs\cloud\Application\Runtime\Cache\Index\2ec5e7e39fbff76619037dbc00d82b78.php 第 446 行.
NOTIC: [8] Undefined variable: dp E:\xampp\htdocs\cloud\Application\Runtime\Cache\Index\2ec5e7e39fbff76619037dbc00d82b78.php 第 446 行.
NOTIC: [8] Undefined variable: D E:\xampp\htdocs\cloud\Application\Runtime\Cache\Index\2ec5e7e39fbff76619037dbc00d82b78.php 第 448 行.
NOTIC: [8] Undefined variable: dp E:\xampp\htdocs\cloud\Application\Runtime\Cache\Index\2ec5e7e39fbff76619037dbc00d82b78.php 第 448 行.
INFO: Run Behavior\ParseTemplateBehavior [ RunTime:0.223657s ]
INFO: [ view_parse ] --END-- [ RunTime:0.223945s ]
INFO: [ view_filter ] --START--
INFO: Run Behavior\WriteHtmlCacheBehavior [ RunTime:0.002311s ]
INFO: [ view_filter ] --END-- [ RunTime:0.002613s ]
INFO: [ app_end ] --START--
INFO: Run Behavior\ShowPageTraceBehavior [ RunTime:0.009495s ]
INFO: [ app_end ] --END-- [ RunTime:0.009919s ]

